<?xml version="1.0" encoding="UTF-8"?>
<!-- Generated by org.testng.reporters.JUnitXMLReporter -->
<testsuite hostname="DESKTOP-KH6GACJ" ignored="0" name="Default test" tests="3" failures="0" timestamp="25 Jul 2018 07:05:26 GMT" time="44.334" errors="0">
  <testcase name="verifyPageTitle" time="0.025" classname="com.crm.qa.tests.SignupPageTest"/>
  <testcase name="fillform" time="3.399" classname="com.crm.qa.tests.SignupPageTest"/>
  <testcase name="clickontermsandconditions" time="1.664" classname="com.crm.qa.tests.SignupPageTest"/>
</testsuite> <!-- Default test -->
