<?xml version="1.0" encoding="UTF-8"?>
<!-- Generated by org.testng.reporters.JUnitXMLReporter -->
<testsuite hostname="DESKTOP-KH6GACJ" ignored="6" name="Command line test" tests="2" failures="0" timestamp="25 Jul 2018 13:08:46 GMT" time="31.904" errors="0">
  <testcase name="verifyhomepagetitle" time="0.013" classname="com.crm.qa.tests.HomePageTest"/>
  <testcase name="verifyPageTitle" time="0.007" classname="com.crm.qa.tests.SignupPageTest"/>
  <testcase name="verifyusername" time="0.0" classname="com.crm.qa.tests.HomePageTest">
    <ignored/>
  </testcase> <!-- verifyusername -->
  <testcase name="clickonNewContactslink" time="0.0" classname="com.crm.qa.tests.HomePageTest">
    <ignored/>
  </testcase> <!-- clickonNewContactslink -->
  <testcase name="Testlogin" time="0.0" classname="com.crm.qa.tests.LoginTest">
    <ignored/>
  </testcase> <!-- Testlogin -->
  <testcase name="LoginPageTitleTest" time="0.0" classname="com.crm.qa.tests.LoginTest">
    <ignored/>
  </testcase> <!-- LoginPageTitleTest -->
  <testcase name="LoginPageLogoTest" time="0.0" classname="com.crm.qa.tests.LoginTest">
    <ignored/>
  </testcase> <!-- LoginPageLogoTest -->
  <testcase name="clickonContactsLink" time="0.0" classname="com.crm.qa.tests.HomePageTest">
    <ignored/>
  </testcase> <!-- clickonContactsLink -->
</testsuite> <!-- Command line test -->
